0 info it worked if it ends with ok
1 verbose cli [ 'E:\\MSc_CS\\Web App Development\\\\node.exe',
1 verbose cli   'E:\\MSc_CS\\Web App Development\\node_modules\\npm\\bin\\npm-cli.js',
1 verbose cli   'install',
1 verbose cli   'account-manager' ]
2 info using npm@1.3.24
3 info using node@v0.10.25
4 verbose node symlink E:\MSc_CS\Web App Development\\node.exe
5 warn package.json backbone-library@0.0.1 No repository field.
6 warn package.json backbone-library@0.0.1 No README data
7 warn package.json path@0.4.9 path is also the name of a node core module.
8 verbose readDependencies using package.json deps
9 verbose cache add [ 'account-manager', null ]
10 verbose cache add name=undefined spec="account-manager" args=["account-manager",null]
11 verbose parsed url { protocol: null,
11 verbose parsed url   slashes: null,
11 verbose parsed url   auth: null,
11 verbose parsed url   host: null,
11 verbose parsed url   port: null,
11 verbose parsed url   hostname: null,
11 verbose parsed url   hash: null,
11 verbose parsed url   search: null,
11 verbose parsed url   query: null,
11 verbose parsed url   pathname: 'account-manager',
11 verbose parsed url   path: 'account-manager',
11 verbose parsed url   href: 'account-manager' }
12 silly lockFile fc89ca22-account-manager account-manager
13 verbose lock account-manager C:\Users\Administrator\AppData\Roaming\npm-cache\fc89ca22-account-manager.lock
14 silly lockFile fc89ca22-account-manager account-manager
15 silly lockFile fc89ca22-account-manager account-manager
16 verbose addNamed [ 'account-manager', '' ]
17 verbose addNamed [ null, '*' ]
18 silly lockFile 6afe1e14-account-manager account-manager@
19 verbose lock account-manager@ C:\Users\Administrator\AppData\Roaming\npm-cache\6afe1e14-account-manager.lock
20 silly addNameRange { name: 'account-manager', range: '*', hasData: false }
21 verbose url raw account-manager
22 verbose url resolving [ 'https://registry.npmjs.org/', './account-manager' ]
23 verbose url resolved https://registry.npmjs.org/account-manager
24 info trying registry request attempt 1 at 00:21:46
25 http GET https://registry.npmjs.org/account-manager
26 http 404 https://registry.npmjs.org/account-manager
27 silly registry.get cb [ 404,
27 silly registry.get   { date: 'Wed, 14 May 2014 23:22:00 GMT',
27 silly registry.get     server: 'CouchDB/1.5.0 (Erlang OTP/R14B04)',
27 silly registry.get     'content-type': 'application/json',
27 silly registry.get     via: '1.1 varnish',
27 silly registry.get     'cache-control': 'max-age=0',
27 silly registry.get     'content-length': '52',
27 silly registry.get     'accept-ranges': 'bytes',
27 silly registry.get     age: '0',
27 silly registry.get     'x-served-by': 'cache-v36-ASH, cache-am69-AMS',
27 silly registry.get     'x-cache': 'MISS, MISS',
27 silly registry.get     'x-cache-hits': '0, 0',
27 silly registry.get     'x-timer': 'S1400109720.221866369,VS0,VS43,VE140,VE181',
27 silly registry.get     'keep-alive': 'timeout=10, max=50',
27 silly registry.get     connection: 'Keep-Alive' } ]
28 silly lockFile 6afe1e14-account-manager account-manager@
29 silly lockFile 6afe1e14-account-manager account-manager@
30 error 404 'account-manager' is not in the npm registry.
30 error 404 You should bug the author to publish it
30 error 404 It was specified as a dependency of 'backbone-library'
30 error 404
30 error 404 Note that you can also install from a
30 error 404 tarball, folder, or http url, or git url.
31 error System Windows_NT 6.1.7601
32 error command "E:\\MSc_CS\\Web App Development\\\\node.exe" "E:\\MSc_CS\\Web App Development\\node_modules\\npm\\bin\\npm-cli.js" "install" "account-manager"
33 error cwd E:\MSc_CS\Web_App_Development\assignment2\node
34 error node -v v0.10.25
35 error npm -v 1.3.24
36 error code E404
37 verbose exit [ 1, true ]
